TN:
SF:C:/Users/YOMI OLAOYE/Desktop/m-tracker server/server/app.js
FN:17,(anonymous_1)
FN:22,(anonymous_2)
FNF:2
FNH:1
FNDA:0,(anonymous_1)
FNDA:1,(anonymous_2)
DA:1,1
DA:2,1
DA:3,1
DA:4,1
DA:7,1
DA:8,1
DA:11,1
DA:12,1
DA:15,1
DA:17,1
DA:22,1
LF:11
LH:11
BRDA:8,0,0,1
BRDA:8,0,1,1
BRF:2
BRH:2
end_of_record
TN:
SF:C:/Users/YOMI OLAOYE/Desktop/m-tracker server/server/controllers/UserRequestController.js
FN:35,findByIdQuery
FN:55,findQuery
FNF:2
FNH:2
FNDA:3,findByIdQuery
FNDA:1,findQuery
DA:1,1
DA:5,8
DA:14,1
DA:23,1
DA:24,1
DA:35,3
DA:36,2
DA:37,2
DA:38,1
DA:44,1
DA:55,1
DA:56,1
DA:57,1
DA:58,0
DA:64,1
DA:65,1
DA:66,1
DA:67,1
LF:18
LH:17
BRDA:37,0,0,1
BRDA:37,0,1,1
BRDA:57,1,0,0
BRDA:57,1,1,1
BRF:4
BRH:3
end_of_record
TN:
SF:C:/Users/YOMI OLAOYE/Desktop/m-tracker server/server/controllers/dummyData/requests.js
FNF:0
FNH:0
DA:1,1
LF:1
LH:1
BRF:0
BRH:0
end_of_record
TN:
SF:C:/Users/YOMI OLAOYE/Desktop/m-tracker server/server/routes/index.js
FN:9,(anonymous_1)
FNF:1
FNH:0
FNDA:0,(anonymous_1)
DA:1,1
DA:2,1
DA:3,1
DA:5,1
DA:9,1
DA:16,1
DA:18,1
DA:20,1
DA:22,1
LF:9
LH:9
BRF:0
BRH:0
end_of_record
TN:
SF:C:/Users/YOMI OLAOYE/Desktop/m-tracker server/server/validations/Validate.js
FNF:0
FNH:0
DA:3,14
DA:4,14
DA:5,14
DA:7,14
DA:8,0
DA:14,14
DA:15,14
DA:16,14
DA:17,14
DA:18,14
DA:19,14
DA:21,14
DA:22,0
DA:26,14
DA:27,4
DA:31,10
DA:32,0
DA:36,10
DA:37,0
DA:41,10
DA:42,5
DA:46,5
DA:47,0
DA:51,5
DA:52,0
DA:56,5
DA:57,2
DA:61,3
DA:62,1
DA:66,2
LF:30
LH:24
BRDA:7,0,0,0
BRDA:7,0,1,14
BRDA:7,1,0,14
BRDA:7,1,1,14
BRDA:7,1,2,14
BRDA:21,2,0,0
BRDA:21,2,1,14
BRDA:26,3,0,4
BRDA:26,3,1,10
BRDA:31,4,0,0
BRDA:31,4,1,10
BRDA:36,5,0,0
BRDA:36,5,1,10
BRDA:41,6,0,5
BRDA:41,6,1,5
BRDA:46,7,0,0
BRDA:46,7,1,5
BRDA:51,8,0,0
BRDA:51,8,1,5
BRDA:56,9,0,2
BRDA:56,9,1,3
BRDA:61,10,0,1
BRDA:61,10,1,2
BRDA:61,11,0,3
BRDA:61,11,1,1
BRDA:61,11,2,1
BRF:26
BRH:20
end_of_record
